2483
20709
26763
13631
23376
20373
18418
23090
16795
6644
7282
2844
3449
21938
17859
23075
4575
31811
29252
9560
8324
22679
9320
8135
17462
381
18906
29810
27678
6009
10912
7238
30566
14218
31338
24300
20590
28854
4993
1693
29234
5556
12629
5722
8934
4089
3326
16437
7469
5359
31790
4473
17482
25630
22718
16597
28631
28763
29365
12776
2271
8541
27625
1858
26253
21994
6526
11117
13360
4237
18725
22944
30130
11557
17056
13671
29538
31139
24325
21002
23922
4487
26953
9416
26027
3217
22854
25221
4419
15869
13196
7126
3991
5743
15506
23859
12772
24731
17598
6411
3704
16908
10409
16420
7915
21422
28751
21257
15445
20600
11440
10957
10134
9958
696
10869
685
13642
9354
8123
3231
22827
11997
537
10812
8911
9898
11876
12088
29022
15430
19296
23219
28739
16442
10928
30639
4001
28379
29750
13632
2499
29428
5009
1418
6801
3808
22948
8677
26690
12010
4102
4328
15865
2886
29425
29400
4941
2725
29925
14843
20507
32459
26483
26778
24750
21063
10479
24456
1592
3034
23459
8934
12650
14574
25113
13748
9410
8894
26768
6778
10596
5187
16153
32758
1230
17012
30495
8556
24061
29252
19368
10285
8300
9089
15078
2530
18587
6326
31577
25131
26281
2749
21509
8166
16469
20178
25476
15985
415
22213
32366
717
18810
20958
21050
5840
4550
23596
6627
9013
5285
6126
19516
5580
9385
10788
10965
19643
16631
28126
19990
10891
19916
8418
3606
20448
21060
6201
7090
2806
31280
13837
18078
20533
15671
14897
10882
25683
27265
4458
7523
21579
3463
2100
2635
14462
11014
10931
12174
7041
11933
17528
2021
31357
21199
5141
12933
2225
22886
1695
31806
8085
19846
2743
21961
17020
30209
13404
24596
20400
19226
5706
23687
26065
19062
13568
16331
9156
5241
30598
20116
1898
513
3338
14329
32269
16268
13014
13839
13041
8889
10859
11705
29911
21380
5891
32413
27598
7370
14047
26080
27007
31948
28205
29540
241
11745
14574
19252
15625
24205
28429
31330
18114
26574
3120
319
10148
22020
16546
18372
1940
21065
32399
642
1075
26034
30065
24559
29742
3479
19770
24771
4826
20724
5486
22599
3647
28139
24696
12755
30008
10783
9772
8053
23980
15838
31386
9289
1115
32494
23642
2068
21326
22434
6335
28523
12543
23506
15452
15799
27508
7917
27506
16158
31602
14926
23978
3618
19676
8342
14329
13321
17266
12235
3453
19770
24736
19055
30805
29171
24121
26212
18922
29871
7054
28611
12955
27454
3403
21241
4664
16829
30704
21835
5877
26413
27521
12792
650
8184
16093
16775
20626
13912
16610
28159
9729
25877
22207
30279
28995
17856
6205
22753
25025
28384
8125
28848
29951
20227
4776
8719
5841
15053
7092
10656
9150
1936
9944
17409
13625
23627
31516
12556
17531
11506
227
2118
16461
6012
8115
3362
827
7165
11707
15302
26548
29488
17537
27087
10998
11004
2954
12831
11325
32450
3159
21262
21490
12363
12526
953
14893
375
19200
26403
5936
2360
26509
29084
30576
22224
9405
17730
18314
10590
25731
21226
19095
23891
32496
11686
30278
31694
11453
10764
13151
30202
1706
5807
15056
5881
8412
12896
27722
19137
23027
11688
3795
32575
26998
19365
2017
22826
29923
10045
20808
3704
18689
31712
11218
23617
1187
25702
25487
18956
4543
20502
10715
1551
31024
9615
23
8191
21461
19467
6934
23514
2271
5275
3076
13053
18496
5331
14675
11342
19843
26203
9109
5051
28194
29825
18462
3552
5402
28156
5239
3251
6233
31384
21724
80
6017
6009
31159
17784
13094
31775
8786
32222
7077
23540
28988
11264
26312
23574
15645
29586
21891
2521
28688
23772
30813
4954
16213
4443
27566
16206
29976
31848
22912
21701
19393
30050
25188
5328
20935
24605
25252
32628
18782
5194
3824
18856
25054
28950
29283
20380
19837
28597
21630
18758
26565
14741
15133
5582
32293
26289
5679
25945
11037
19197
1985
30862
4524
5128
23590
32482
3030
18290
16130
17256
18988
31673
10220
4673
9174
24845
3299
29066
12783
30785
26741
23684
21511
14524
6354
27256
30876
27682
12755
13609
32216
23980
12264
14411
11312
12851
433
11171
3807
16407
16675
20632
1166
10456
24540
12878
1887
9199
15608
2427
15916
12862
1384
5881
10730
16714
19302
2916
5541
29702
26625
14667
16960
15342
1107
24760
11699
23855
1650
22982
11669
26314
5749
17049
28327
29931
11460
32096
8216
5016
23020
12651
12309
30950
20332
440
21434
22717
20853
7478
1975
784
1745
11391
9674
10467
5587
20532
27399
9123
14931
11142
28522
22918
22301
22702
11446
6365
9825
22657
2768
13009
3411
8894
29590
5274
1821
22248
25377
13054
3131
20568
913
11215
32719
15998
24371
6348
12132
28877
4261
3130
5659
6872
28522
27659
19303
29324
3718
28835
29575
25267
30022
12639
18348
20984
16897
14283
25268
27017
20375
7648
27792
10159
14278
24962
19412
26493
5142
26462
6804
22762
10103
31842
11446
3463
29235
7843
30721
15470
32175
8836
2541
8791
19552
18565
29789
13673
22213
1403
9766
27338
5435
969
13225
25287
127
23777
24238
11701
20250
13540
19646
16164
19853
26587
5636
27728
11141
20966
14985
5835
17339
28137
18365
8551
29443
15679
20668
23107
18782
26717
21467
10394
22382
21552
23987
24201
28316
30109
29138
26570
994
3012
27069
7343
21429
24362
17006
29736
3401
26672
6224
26113
22310
22065
5239
24402
12595
32756
17324
30441
30063
19863
23538
12620
19184
9502
6635
8081
16615
17737
8200
9075
10457
982
30930
21429
31071
530
15703
1555
22964
24292
16693
31338
28414
26365
28669
32166
10609
27468
5295
30940
3906
23206
22462
18016
1282
26584
31214
28920
26985
27297
7701
22641
18239
6331
25732
31952
5877
21297
1776
4309
28017
30367
26376
13917
4078
1498
7417
31230
6266
23009
10437
30880
4485
27235
18987
23053
15756
17458
7012
30924
23360
8247
17654
10950
18591
23661
18087
11035
4531
3105
4173
18182
25218
31749
9455
22517
15294
3941
4385
12199
10625
1200
27121
28343
15688
10736
27124
5090
24644
